<?xml version="1.0" encoding="UTF-8"?>
<testsuite xmlns:xsi="http://www.w3.org/2001/XMLSchema-instance" xsi:noNamespaceSchemaLocation="https://maven.apache.org/surefire/maven-surefire-plugin/xsd/surefire-test-report.xsd" name="com.mr.flooringOrders.daos.OrderDaoFileProdImplTest" time="0" tests="6" errors="0" skipped="0" failures="0">
  <properties>
[...]
</properties>
  <testcase name="testSave" classname="com.mr.flooringOrders.daos.OrderDaoFileProdImplTest" time="0"/>
  <testcase name="testReadById" classname="com.mr.flooringOrders.daos.OrderDaoFileProdImplTest" time="0"/>
  <testcase name="testReadAll" classname="com.mr.flooringOrders.daos.OrderDaoFileProdImplTest" time="0"/>
  <testcase name="testCreate" classname="com.mr.flooringOrders.daos.OrderDaoFileProdImplTest" time="0"/>
  <testcase name="testDelete" classname="com.mr.flooringOrders.daos.OrderDaoFileProdImplTest" time="0"/>
  <testcase name="testUpdate" classname="com.mr.flooringOrders.daos.OrderDaoFileProdImplTest" time="0"/>
</testsuite>